15:47:03.459 [main] INFO  c.b.launchers.LaunchMavenCommand - Executing maven archetype command - browserstack-sdk-archetype-integrate
15:47:03.575 [main] INFO  c.b.launchers.LaunchMavenCommand - The maven properties for launcher are [archetypeArtifactId=browserstack-sdk-archetype-integrate, BROWSERSTACK_ACCESS_KEY=q3YfosHjqJoksnVXZAuH, groupId=com.browserstack, BROWSERSTACK_APP=bs://sample.app, BROWSERSTACK_FRAMEWORK=java, version=1.0, PROJECT_NAME=BrowserStack Sample, archetypeVersion=1.5, archetypeGroupId=com.browserstack, artifactId=java-archetype-integrate, BROWSERSTACK_USERNAME=latiffsyed1, BUILD_NAME=browserstack build, BROWSERSTACK_SOURCE=java:appium-eclipse:v1.0.10]
15:47:38.579 [main] INFO  c.b.a.BrowserStackPropertyTester - Testing : isBrowserStackEnabled
15:47:38.580 [main] INFO  c.b.BrowserStackPluginActivator - Prefs Keys []
15:47:38.581 [main] INFO  c.b.a.BrowserStackPropertyTester - Validation Result isBrowserStackEnabled : true P/AppiumFrameworkCloud
15:47:38.581 [main] INFO  c.b.a.BrowserStackPropertyTester - Testing : isBrowserStackDisabled
15:47:38.581 [main] INFO  c.b.BrowserStackPluginActivator - Prefs Keys []
15:47:38.582 [main] INFO  c.b.a.BrowserStackPropertyTester - Validation Result isBrowserStackDisabled : false P/AppiumFrameworkCloud
16:28:08.591 [main] INFO  c.b.a.BrowserStackPropertyTester - Testing : isBrowserStackEnabled
16:28:08.598 [main] INFO  c.b.BrowserStackPluginActivator - Prefs Keys []
16:28:08.601 [main] INFO  c.b.a.BrowserStackPropertyTester - Validation Result isBrowserStackEnabled : true P/AppiumFrameworkCloud
16:28:08.601 [main] INFO  c.b.a.BrowserStackPropertyTester - Testing : isBrowserStackDisabled
16:28:08.601 [main] INFO  c.b.BrowserStackPluginActivator - Prefs Keys []
16:28:08.601 [main] INFO  c.b.a.BrowserStackPropertyTester - Validation Result isBrowserStackDisabled : false P/AppiumFrameworkCloud
16:53:44.207 [Worker-50: Launching AppiumFrameworkDesign_testNGSuite.testng.xml] INFO  c.b.BrowserStackPluginActivator - The previous launch removed.
16:53:44.210 [Worker-50: Launching AppiumFrameworkDesign_testNGSuite.testng.xml] INFO  c.b.BrowserStackPluginActivator - The environment variables for the launch configuration are {}
22:36:08.652 [main] INFO  c.b.a.BrowserStackPropertyTester - Testing : isBrowserStackEnabled
22:36:08.652 [main] INFO  c.b.BrowserStackPluginActivator - Prefs Keys []
22:36:08.653 [main] INFO  c.b.a.BrowserStackPropertyTester - Validation Result isBrowserStackEnabled : true P/AppiumFrameworkCloud
22:36:08.654 [main] INFO  c.b.a.BrowserStackPropertyTester - Testing : isBrowserStackDisabled
22:36:08.654 [main] INFO  c.b.BrowserStackPluginActivator - Prefs Keys []
22:36:08.654 [main] INFO  c.b.a.BrowserStackPropertyTester - Validation Result isBrowserStackDisabled : false P/AppiumFrameworkCloud
23:22:47.279 [Worker-183: Launching AppiumFrameworkCloud_testNGSuite.testng_BrowserStack.xml] INFO  c.b.BrowserStackPluginActivator - The previous launch removed.
23:22:47.285 [Worker-183: Launching AppiumFrameworkCloud_testNGSuite.testng_BrowserStack.xml] INFO  c.b.BrowserStackPluginActivator - Existing javaagentArgline (BROWSERSTACK_JAVAAGENT_ARGLINE) in plugin prefs is 
23:22:47.289 [Worker-183: Launching AppiumFrameworkCloud_testNGSuite.testng_BrowserStack.xml] INFO  c.b.BrowserStackPluginActivator - Prefs Keys []
23:22:47.291 [Worker-183: Launching AppiumFrameworkCloud_testNGSuite.testng_BrowserStack.xml] INFO  c.b.BrowserStackPluginActivator - The environment variables for the launch configuration are {BROWSERSTACK_EXEC_SOURCE=eclipse/1.0.10}
23:33:10.989 [Worker-184: Launching AppiumFrameworkCloud_testNGSuite.testng_BrowserStack.xml] INFO  c.b.BrowserStackPluginActivator - The previous launch removed.
23:33:10.993 [Worker-184: Launching AppiumFrameworkCloud_testNGSuite.testng_BrowserStack.xml] INFO  c.b.BrowserStackPluginActivator - Existing javaagentArgline (BROWSERSTACK_JAVAAGENT_ARGLINE) in plugin prefs is 
23:33:10.994 [Worker-184: Launching AppiumFrameworkCloud_testNGSuite.testng_BrowserStack.xml] INFO  c.b.BrowserStackPluginActivator - Prefs Keys []
23:33:10.995 [Worker-184: Launching AppiumFrameworkCloud_testNGSuite.testng_BrowserStack.xml] INFO  c.b.BrowserStackPluginActivator - The environment variables for the launch configuration are {BROWSERSTACK_EXEC_SOURCE=eclipse/1.0.10}
23:34:18.188 [Worker-189: Launching AppiumFrameworkCloud_testNGSuite.testng_BrowserStack.xml] INFO  c.b.BrowserStackPluginActivator - The previous launch removed.
23:34:18.191 [Worker-189: Launching AppiumFrameworkCloud_testNGSuite.testng_BrowserStack.xml] INFO  c.b.BrowserStackPluginActivator - Existing javaagentArgline (BROWSERSTACK_JAVAAGENT_ARGLINE) in plugin prefs is 
23:34:18.194 [Worker-189: Launching AppiumFrameworkCloud_testNGSuite.testng_BrowserStack.xml] INFO  c.b.BrowserStackPluginActivator - Prefs Keys []
23:34:18.195 [Worker-189: Launching AppiumFrameworkCloud_testNGSuite.testng_BrowserStack.xml] INFO  c.b.BrowserStackPluginActivator - The environment variables for the launch configuration are {BROWSERSTACK_EXEC_SOURCE=eclipse/1.0.10}
10:50:15.934 [main] INFO  c.b.a.BrowserStackPropertyTester - Testing : isBrowserStackEnabled
10:50:15.948 [main] INFO  c.b.BrowserStackPluginActivator - Prefs Keys []
10:50:15.953 [main] INFO  c.b.a.BrowserStackPropertyTester - Validation Result isBrowserStackEnabled : true P/AppiumFrameworkCloud
10:50:15.954 [main] INFO  c.b.a.BrowserStackPropertyTester - Testing : isBrowserStackDisabled
10:50:15.954 [main] INFO  c.b.BrowserStackPluginActivator - Prefs Keys []
10:50:15.954 [main] INFO  c.b.a.BrowserStackPropertyTester - Validation Result isBrowserStackDisabled : false P/AppiumFrameworkCloud
10:50:20.440 [main] INFO  c.b.a.BrowserStackPropertyTester - Testing : isBrowserStackEnabled
10:50:20.440 [main] INFO  c.b.BrowserStackPluginActivator - Prefs Keys []
10:50:20.441 [main] INFO  c.b.a.BrowserStackPropertyTester - Validation Result isBrowserStackEnabled : true P/AppiumFrameworkCloud
10:50:20.441 [main] INFO  c.b.a.BrowserStackPropertyTester - Testing : isBrowserStackDisabled
10:50:20.441 [main] INFO  c.b.BrowserStackPluginActivator - Prefs Keys []
10:50:20.441 [main] INFO  c.b.a.BrowserStackPropertyTester - Validation Result isBrowserStackDisabled : false P/AppiumFrameworkCloud
10:54:52.915 [Worker-203: Launching AppiumFrameworkCloud_testNGSuite.testng.xml] INFO  c.b.BrowserStackPluginActivator - The previous launch removed.
10:54:52.934 [Worker-203: Launching AppiumFrameworkCloud_testNGSuite.testng.xml] INFO  c.b.BrowserStackPluginActivator - Existing javaagentArgline (BROWSERSTACK_JAVAAGENT_ARGLINE) in plugin prefs is 
10:54:52.939 [Worker-203: Launching AppiumFrameworkCloud_testNGSuite.testng.xml] INFO  c.b.BrowserStackPluginActivator - Prefs Keys []
10:54:52.939 [Worker-203: Launching AppiumFrameworkCloud_testNGSuite.testng.xml] INFO  c.b.BrowserStackPluginActivator - The environment variables for the launch configuration are {BROWSERSTACK_EXEC_SOURCE=eclipse/1.0.10}
11:11:23.425 [main] INFO  c.b.a.BrowserStackPropertyTester - Testing : isBrowserStackEnabled
11:11:23.430 [main] INFO  c.b.BrowserStackPluginActivator - Prefs Keys []
11:11:23.433 [main] INFO  c.b.a.BrowserStackPropertyTester - Validation Result isBrowserStackEnabled : true P/AppiumFrameworkCloud
11:11:23.433 [main] INFO  c.b.a.BrowserStackPropertyTester - Testing : isBrowserStackDisabled
11:11:23.433 [main] INFO  c.b.BrowserStackPluginActivator - Prefs Keys []
11:11:23.434 [main] INFO  c.b.a.BrowserStackPropertyTester - Validation Result isBrowserStackDisabled : false P/AppiumFrameworkCloud
11:11:25.275 [main] INFO  c.b.a.BrowserStackPropertyTester - Testing : isBrowserStackEnabled
11:11:25.275 [main] INFO  c.b.BrowserStackPluginActivator - Prefs Keys []
11:11:25.276 [main] INFO  c.b.a.BrowserStackPropertyTester - Validation Result isBrowserStackEnabled : true P/AppiumFrameworkCloud
11:11:25.276 [main] INFO  c.b.a.BrowserStackPropertyTester - Testing : isBrowserStackDisabled
11:11:25.276 [main] INFO  c.b.BrowserStackPluginActivator - Prefs Keys []
11:11:25.277 [main] INFO  c.b.a.BrowserStackPropertyTester - Validation Result isBrowserStackDisabled : false P/AppiumFrameworkCloud
11:11:32.650 [Worker-224: Launching PurchaseOrderFlowTest] INFO  c.b.BrowserStackPluginActivator - The previous launch removed.
11:11:32.666 [Worker-224: Launching PurchaseOrderFlowTest] INFO  c.b.BrowserStackPluginActivator - Existing javaagentArgline (BROWSERSTACK_JAVAAGENT_ARGLINE) in plugin prefs is 
11:11:32.668 [Worker-224: Launching PurchaseOrderFlowTest] INFO  c.b.BrowserStackPluginActivator - Prefs Keys []
11:11:32.669 [Worker-224: Launching PurchaseOrderFlowTest] INFO  c.b.BrowserStackPluginActivator - The environment variables for the launch configuration are {BROWSERSTACK_EXEC_SOURCE=eclipse/1.0.10}
11:19:57.608 [main] INFO  c.b.a.BrowserStackPropertyTester - Testing : isBrowserStackEnabled
11:19:57.609 [main] INFO  c.b.BrowserStackPluginActivator - Prefs Keys []
11:19:57.609 [main] INFO  c.b.a.BrowserStackPropertyTester - Validation Result isBrowserStackEnabled : true P/AppiumFrameworkCloud
11:19:57.610 [main] INFO  c.b.a.BrowserStackPropertyTester - Testing : isBrowserStackDisabled
11:19:57.610 [main] INFO  c.b.BrowserStackPluginActivator - Prefs Keys []
11:19:57.610 [main] INFO  c.b.a.BrowserStackPropertyTester - Validation Result isBrowserStackDisabled : false P/AppiumFrameworkCloud
11:20:03.180 [Worker-229: Launching PurchaseOrderFlowTest] INFO  c.b.BrowserStackPluginActivator - The previous launch removed.
11:20:03.181 [Worker-229: Launching PurchaseOrderFlowTest] INFO  c.b.BrowserStackPluginActivator - Existing javaagentArgline (BROWSERSTACK_JAVAAGENT_ARGLINE) in plugin prefs is 
11:20:03.182 [Worker-229: Launching PurchaseOrderFlowTest] INFO  c.b.BrowserStackPluginActivator - Prefs Keys []
11:20:03.182 [Worker-229: Launching PurchaseOrderFlowTest] INFO  c.b.BrowserStackPluginActivator - The environment variables for the launch configuration are {BROWSERSTACK_EXEC_SOURCE=eclipse/1.0.10}
11:27:43.654 [Worker-227: Launching AppiumFrameworkCloud_testNGSuite.testng_BrowserStack.xml] INFO  c.b.BrowserStackPluginActivator - The previous launch removed.
11:27:43.658 [Worker-227: Launching AppiumFrameworkCloud_testNGSuite.testng_BrowserStack.xml] INFO  c.b.BrowserStackPluginActivator - Existing javaagentArgline (BROWSERSTACK_JAVAAGENT_ARGLINE) in plugin prefs is 
11:27:43.659 [Worker-227: Launching AppiumFrameworkCloud_testNGSuite.testng_BrowserStack.xml] INFO  c.b.BrowserStackPluginActivator - Prefs Keys []
11:27:43.659 [Worker-227: Launching AppiumFrameworkCloud_testNGSuite.testng_BrowserStack.xml] INFO  c.b.BrowserStackPluginActivator - The environment variables for the launch configuration are {BROWSERSTACK_EXEC_SOURCE=eclipse/1.0.10}
11:35:17.516 [Worker-237: Launching AppiumFrameworkCloud_testNGSuite.testng_BrowserStack.xml] INFO  c.b.BrowserStackPluginActivator - The previous launch removed.
11:35:17.524 [Worker-237: Launching AppiumFrameworkCloud_testNGSuite.testng_BrowserStack.xml] INFO  c.b.BrowserStackPluginActivator - Existing javaagentArgline (BROWSERSTACK_JAVAAGENT_ARGLINE) in plugin prefs is 
11:35:17.525 [Worker-237: Launching AppiumFrameworkCloud_testNGSuite.testng_BrowserStack.xml] INFO  c.b.BrowserStackPluginActivator - Prefs Keys []
11:35:17.526 [Worker-237: Launching AppiumFrameworkCloud_testNGSuite.testng_BrowserStack.xml] INFO  c.b.BrowserStackPluginActivator - The environment variables for the launch configuration are {BROWSERSTACK_EXEC_SOURCE=eclipse/1.0.10}
16:34:00.803 [main] INFO  c.b.a.BrowserStackPropertyTester - Testing : isBrowserStackEnabled
16:34:00.806 [main] INFO  c.b.BrowserStackPluginActivator - Prefs Keys []
16:34:00.809 [main] INFO  c.b.a.BrowserStackPropertyTester - Validation Result isBrowserStackEnabled : true P/TestNGTutorial
16:34:00.814 [main] INFO  c.b.a.BrowserStackPropertyTester - Testing : isBrowserStackDisabled
16:34:00.814 [main] INFO  c.b.BrowserStackPluginActivator - Prefs Keys []
16:34:00.816 [main] INFO  c.b.a.BrowserStackPropertyTester - Validation Result isBrowserStackDisabled : false P/TestNGTutorial
16:34:16.512 [main] INFO  c.b.a.BrowserStackPropertyTester - Testing : isBrowserStackEnabled
16:34:16.512 [main] INFO  c.b.BrowserStackPluginActivator - Prefs Keys []
16:34:16.513 [main] INFO  c.b.a.BrowserStackPropertyTester - Validation Result isBrowserStackEnabled : true P/TestNGTutorial
16:34:16.513 [main] INFO  c.b.a.BrowserStackPropertyTester - Testing : isBrowserStackDisabled
16:34:16.513 [main] INFO  c.b.BrowserStackPluginActivator - Prefs Keys []
16:34:16.514 [main] INFO  c.b.a.BrowserStackPropertyTester - Validation Result isBrowserStackDisabled : false P/TestNGTutorial
16:42:17.228 [main] INFO  c.b.a.BrowserStackPropertyTester - Testing : isBrowserStackEnabled
16:42:17.231 [main] INFO  c.b.BrowserStackPluginActivator - Prefs Keys []
16:42:17.232 [main] INFO  c.b.a.BrowserStackPropertyTester - Validation Result isBrowserStackEnabled : true P/TestNGTutorial
16:42:17.232 [main] INFO  c.b.a.BrowserStackPropertyTester - Testing : isBrowserStackDisabled
16:42:17.233 [main] INFO  c.b.BrowserStackPluginActivator - Prefs Keys []
16:42:17.233 [main] INFO  c.b.a.BrowserStackPropertyTester - Validation Result isBrowserStackDisabled : false P/TestNGTutorial
16:44:28.579 [main] INFO  c.b.a.BrowserStackPropertyTester - Testing : isBrowserStackEnabled
16:44:28.580 [main] INFO  c.b.BrowserStackPluginActivator - Prefs Keys []
16:44:28.580 [main] INFO  c.b.a.BrowserStackPropertyTester - Validation Result isBrowserStackEnabled : true P/TestNGTutorial
16:44:28.580 [main] INFO  c.b.a.BrowserStackPropertyTester - Testing : isBrowserStackDisabled
16:44:28.580 [main] INFO  c.b.BrowserStackPluginActivator - Prefs Keys []
16:44:28.581 [main] INFO  c.b.a.BrowserStackPropertyTester - Validation Result isBrowserStackDisabled : false P/TestNGTutorial
16:44:30.629 [main] INFO  c.b.a.BrowserStackPropertyTester - Testing : isBrowserStackEnabled
16:44:30.629 [main] INFO  c.b.BrowserStackPluginActivator - Prefs Keys []
16:44:30.631 [main] INFO  c.b.a.BrowserStackPropertyTester - Validation Result isBrowserStackEnabled : true P/TestNGTutorial
16:44:30.631 [main] INFO  c.b.a.BrowserStackPropertyTester - Testing : isBrowserStackDisabled
16:44:30.632 [main] INFO  c.b.BrowserStackPluginActivator - Prefs Keys []
16:44:30.635 [main] INFO  c.b.a.BrowserStackPropertyTester - Validation Result isBrowserStackDisabled : false P/TestNGTutorial
16:44:42.032 [main] INFO  c.b.a.BrowserStackPropertyTester - Testing : isBrowserStackEnabled
16:44:42.032 [main] INFO  c.b.BrowserStackPluginActivator - Prefs Keys []
16:44:42.033 [main] INFO  c.b.a.BrowserStackPropertyTester - Validation Result isBrowserStackEnabled : true P/TestNGTutorial
16:44:42.034 [main] INFO  c.b.a.BrowserStackPropertyTester - Testing : isBrowserStackDisabled
16:44:42.034 [main] INFO  c.b.BrowserStackPluginActivator - Prefs Keys []
16:44:42.034 [main] INFO  c.b.a.BrowserStackPropertyTester - Validation Result isBrowserStackDisabled : false P/TestNGTutorial
16:53:42.522 [main] INFO  c.b.a.BrowserStackPropertyTester - Testing : isBrowserStackEnabled
16:53:42.524 [main] INFO  c.b.BrowserStackPluginActivator - Prefs Keys []
16:53:42.524 [main] INFO  c.b.a.BrowserStackPropertyTester - Validation Result isBrowserStackEnabled : true P/TestNGTutorial
16:53:42.524 [main] INFO  c.b.a.BrowserStackPropertyTester - Testing : isBrowserStackDisabled
16:53:42.524 [main] INFO  c.b.BrowserStackPluginActivator - Prefs Keys []
16:53:42.525 [main] INFO  c.b.a.BrowserStackPropertyTester - Validation Result isBrowserStackDisabled : false P/TestNGTutorial
16:55:31.988 [main] INFO  c.b.a.BrowserStackPropertyTester - Testing : isBrowserStackEnabled
16:55:31.992 [main] INFO  c.b.BrowserStackPluginActivator - Prefs Keys []
16:55:31.994 [main] INFO  c.b.a.BrowserStackPropertyTester - Validation Result isBrowserStackEnabled : true P/TestNGTutorial
16:55:31.994 [main] INFO  c.b.a.BrowserStackPropertyTester - Testing : isBrowserStackDisabled
16:55:31.994 [main] INFO  c.b.BrowserStackPluginActivator - Prefs Keys []
16:55:31.996 [main] INFO  c.b.a.BrowserStackPropertyTester - Validation Result isBrowserStackDisabled : false P/TestNGTutorial
16:55:47.172 [main] INFO  c.b.a.BrowserStackPropertyTester - Testing : isBrowserStackEnabled
16:55:47.172 [main] INFO  c.b.BrowserStackPluginActivator - Prefs Keys []
16:55:47.173 [main] INFO  c.b.a.BrowserStackPropertyTester - Validation Result isBrowserStackEnabled : true P/TestNGTutorial
16:55:47.173 [main] INFO  c.b.a.BrowserStackPropertyTester - Testing : isBrowserStackDisabled
16:55:47.173 [main] INFO  c.b.BrowserStackPluginActivator - Prefs Keys []
16:55:47.173 [main] INFO  c.b.a.BrowserStackPropertyTester - Validation Result isBrowserStackDisabled : false P/TestNGTutorial
17:00:21.182 [main] INFO  c.b.a.BrowserStackPropertyTester - Testing : isBrowserStackEnabled
17:00:21.186 [main] INFO  c.b.BrowserStackPluginActivator - Prefs Keys []
17:00:21.187 [main] INFO  c.b.a.BrowserStackPropertyTester - Validation Result isBrowserStackEnabled : true P/TestNGTutorial
17:00:21.188 [main] INFO  c.b.a.BrowserStackPropertyTester - Testing : isBrowserStackDisabled
17:00:21.188 [main] INFO  c.b.BrowserStackPluginActivator - Prefs Keys []
17:00:21.189 [main] INFO  c.b.a.BrowserStackPropertyTester - Validation Result isBrowserStackDisabled : false P/TestNGTutorial
17:01:07.663 [main] INFO  c.b.a.BrowserStackPropertyTester - Testing : isBrowserStackEnabled
17:01:07.665 [main] INFO  c.b.BrowserStackPluginActivator - Prefs Keys []
17:01:07.668 [main] INFO  c.b.a.BrowserStackPropertyTester - Validation Result isBrowserStackEnabled : true P/TestNGTutorial
17:01:07.669 [main] INFO  c.b.a.BrowserStackPropertyTester - Testing : isBrowserStackDisabled
17:01:07.669 [main] INFO  c.b.BrowserStackPluginActivator - Prefs Keys []
17:01:07.670 [main] INFO  c.b.a.BrowserStackPropertyTester - Validation Result isBrowserStackDisabled : false P/TestNGTutorial
17:01:13.455 [Worker-298: Launching day1] INFO  c.b.BrowserStackPluginActivator - The previous launch removed.
17:01:13.467 [Worker-298: Launching day1] ERROR c.b.BrowserStackPluginActivator - Error in setJavaAgentVMArgs - java.lang.NullPointerException: Cannot invoke "org.eclipse.m2e.core.project.IMavenProjectFacade.getMavenProject(org.eclipse.core.runtime.IProgressMonitor)" because "prjFecade" is null
17:02:17.279 [main] INFO  c.b.a.BrowserStackPropertyTester - Testing : isBrowserStackEnabled
17:02:17.280 [main] INFO  c.b.BrowserStackPluginActivator - Prefs Keys []
17:02:17.281 [main] INFO  c.b.a.BrowserStackPropertyTester - Validation Result isBrowserStackEnabled : true P/TestNGTutorial
17:02:17.282 [main] INFO  c.b.a.BrowserStackPropertyTester - Testing : isBrowserStackDisabled
17:02:17.282 [main] INFO  c.b.BrowserStackPluginActivator - Prefs Keys []
17:02:17.283 [main] INFO  c.b.a.BrowserStackPropertyTester - Validation Result isBrowserStackDisabled : false P/TestNGTutorial
17:02:26.079 [Worker-294: Launching day1] INFO  c.b.BrowserStackPluginActivator - The previous launch removed.
17:02:26.084 [Worker-294: Launching day1] ERROR c.b.BrowserStackPluginActivator - Error in setJavaAgentVMArgs - java.lang.NullPointerException: Cannot invoke "org.eclipse.m2e.core.project.IMavenProjectFacade.getMavenProject(org.eclipse.core.runtime.IProgressMonitor)" because "prjFecade" is null
17:06:03.021 [main] INFO  c.b.a.BrowserStackPropertyTester - Testing : isBrowserStackEnabled
17:06:03.023 [main] INFO  c.b.BrowserStackPluginActivator - Prefs Keys []
17:06:03.024 [main] INFO  c.b.a.BrowserStackPropertyTester - Validation Result isBrowserStackEnabled : true P/TestNGTutorial
17:06:03.024 [main] INFO  c.b.a.BrowserStackPropertyTester - Testing : isBrowserStackDisabled
17:06:03.024 [main] INFO  c.b.BrowserStackPluginActivator - Prefs Keys []
17:06:03.024 [main] INFO  c.b.a.BrowserStackPropertyTester - Validation Result isBrowserStackDisabled : false P/TestNGTutorial
17:06:06.475 [Worker-305: Launching day1] INFO  c.b.BrowserStackPluginActivator - The previous launch removed.
17:06:06.478 [Worker-305: Launching day1] ERROR c.b.BrowserStackPluginActivator - Error in setJavaAgentVMArgs - java.lang.NullPointerException: Cannot invoke "org.eclipse.m2e.core.project.IMavenProjectFacade.getMavenProject(org.eclipse.core.runtime.IProgressMonitor)" because "prjFecade" is null
17:06:47.503 [main] INFO  c.b.a.BrowserStackPropertyTester - Testing : isBrowserStackEnabled
17:06:47.504 [main] INFO  c.b.BrowserStackPluginActivator - Prefs Keys []
17:06:47.504 [main] INFO  c.b.a.BrowserStackPropertyTester - Validation Result isBrowserStackEnabled : true P/TestNGTutorial
17:06:47.504 [main] INFO  c.b.a.BrowserStackPropertyTester - Testing : isBrowserStackDisabled
17:06:47.505 [main] INFO  c.b.BrowserStackPluginActivator - Prefs Keys []
17:06:47.506 [main] INFO  c.b.a.BrowserStackPropertyTester - Validation Result isBrowserStackDisabled : false P/TestNGTutorial
17:06:51.184 [Worker-306: Launching day1] INFO  c.b.BrowserStackPluginActivator - The previous launch removed.
17:06:51.187 [Worker-306: Launching day1] ERROR c.b.BrowserStackPluginActivator - Error in setJavaAgentVMArgs - java.lang.NullPointerException: Cannot invoke "org.eclipse.m2e.core.project.IMavenProjectFacade.getMavenProject(org.eclipse.core.runtime.IProgressMonitor)" because "prjFecade" is null
17:07:34.711 [main] INFO  c.b.a.BrowserStackPropertyTester - Testing : isBrowserStackEnabled
17:07:34.712 [main] INFO  c.b.BrowserStackPluginActivator - Prefs Keys []
17:07:34.713 [main] INFO  c.b.a.BrowserStackPropertyTester - Validation Result isBrowserStackEnabled : true P/TestNGTutorial
17:07:34.713 [main] INFO  c.b.a.BrowserStackPropertyTester - Testing : isBrowserStackDisabled
17:07:34.713 [main] INFO  c.b.BrowserStackPluginActivator - Prefs Keys []
17:07:34.713 [main] INFO  c.b.a.BrowserStackPropertyTester - Validation Result isBrowserStackDisabled : false P/TestNGTutorial
17:14:23.819 [main] INFO  c.b.a.BrowserStackPropertyTester - Testing : isBrowserStackEnabled
17:14:23.827 [main] INFO  c.b.BrowserStackPluginActivator - Prefs Keys []
17:14:23.829 [main] INFO  c.b.a.BrowserStackPropertyTester - Validation Result isBrowserStackEnabled : true P/TestNGTutorial
17:14:23.829 [main] INFO  c.b.a.BrowserStackPropertyTester - Testing : isBrowserStackDisabled
17:14:23.829 [main] INFO  c.b.BrowserStackPluginActivator - Prefs Keys []
17:14:23.829 [main] INFO  c.b.a.BrowserStackPropertyTester - Validation Result isBrowserStackDisabled : false P/TestNGTutorial
17:15:28.850 [Worker-311: Launching TestNGTutorial_testng.xml] INFO  c.b.BrowserStackPluginActivator - The previous launch removed.
17:15:28.861 [Worker-311: Launching TestNGTutorial_testng.xml] ERROR c.b.BrowserStackPluginActivator - Error in setJavaAgentVMArgs - java.lang.NullPointerException: Cannot invoke "org.eclipse.m2e.core.project.IMavenProjectFacade.getMavenProject(org.eclipse.core.runtime.IProgressMonitor)" because "prjFecade" is null
17:16:19.787 [Worker-312: Launching TestNGTutorial_testng.xml] INFO  c.b.BrowserStackPluginActivator - The previous launch removed.
17:16:19.794 [Worker-312: Launching TestNGTutorial_testng.xml] ERROR c.b.BrowserStackPluginActivator - Error in setJavaAgentVMArgs - java.lang.NullPointerException: Cannot invoke "org.eclipse.m2e.core.project.IMavenProjectFacade.getMavenProject(org.eclipse.core.runtime.IProgressMonitor)" because "prjFecade" is null
17:24:14.697 [main] INFO  c.b.a.BrowserStackPropertyTester - Testing : isBrowserStackEnabled
17:24:14.699 [main] INFO  c.b.BrowserStackPluginActivator - Prefs Keys []
17:24:14.700 [main] INFO  c.b.a.BrowserStackPropertyTester - Validation Result isBrowserStackEnabled : true P/TestNGTutorial
17:24:14.700 [main] INFO  c.b.a.BrowserStackPropertyTester - Testing : isBrowserStackDisabled
17:24:14.700 [main] INFO  c.b.BrowserStackPluginActivator - Prefs Keys []
17:24:14.700 [main] INFO  c.b.a.BrowserStackPropertyTester - Validation Result isBrowserStackDisabled : false P/TestNGTutorial
17:29:54.468 [main] INFO  c.b.a.BrowserStackPropertyTester - Testing : isBrowserStackEnabled
17:29:54.475 [main] INFO  c.b.BrowserStackPluginActivator - Prefs Keys []
17:29:54.478 [main] INFO  c.b.a.BrowserStackPropertyTester - Validation Result isBrowserStackEnabled : true P/TestNGTutorial
17:29:54.479 [main] INFO  c.b.a.BrowserStackPropertyTester - Testing : isBrowserStackDisabled
17:29:54.479 [main] INFO  c.b.BrowserStackPluginActivator - Prefs Keys []
17:29:54.479 [main] INFO  c.b.a.BrowserStackPropertyTester - Validation Result isBrowserStackDisabled : false P/TestNGTutorial
17:29:58.472 [main] INFO  c.b.a.BrowserStackPropertyTester - Testing : isBrowserStackEnabled
17:29:58.472 [main] INFO  c.b.BrowserStackPluginActivator - Prefs Keys []
17:29:58.474 [main] INFO  c.b.a.BrowserStackPropertyTester - Validation Result isBrowserStackEnabled : true P/TestNGTutorial
17:29:58.474 [main] INFO  c.b.a.BrowserStackPropertyTester - Testing : isBrowserStackDisabled
17:29:58.474 [main] INFO  c.b.BrowserStackPluginActivator - Prefs Keys []
17:29:58.474 [main] INFO  c.b.a.BrowserStackPropertyTester - Validation Result isBrowserStackDisabled : false P/TestNGTutorial
17:35:42.931 [Worker-320: Launching TestNGTutorial_testng.xml] INFO  c.b.BrowserStackPluginActivator - The previous launch removed.
17:35:42.946 [Worker-320: Launching TestNGTutorial_testng.xml] ERROR c.b.BrowserStackPluginActivator - Error in setJavaAgentVMArgs - java.lang.NullPointerException: Cannot invoke "org.eclipse.m2e.core.project.IMavenProjectFacade.getMavenProject(org.eclipse.core.runtime.IProgressMonitor)" because "prjFecade" is null
17:50:19.625 [Worker-325: Launching TestNGTutorial_testng.xml] INFO  c.b.BrowserStackPluginActivator - The previous launch removed.
17:50:19.657 [Worker-325: Launching TestNGTutorial_testng.xml] ERROR c.b.BrowserStackPluginActivator - Error in setJavaAgentVMArgs - java.lang.NullPointerException: Cannot invoke "org.eclipse.m2e.core.project.IMavenProjectFacade.getMavenProject(org.eclipse.core.runtime.IProgressMonitor)" because "prjFecade" is null
17:56:34.625 [Worker-325: Launching TestNGTutorial_testng.xml] INFO  c.b.BrowserStackPluginActivator - The previous launch removed.
17:56:34.634 [Worker-325: Launching TestNGTutorial_testng.xml] ERROR c.b.BrowserStackPluginActivator - Error in setJavaAgentVMArgs - java.lang.NullPointerException: Cannot invoke "org.eclipse.m2e.core.project.IMavenProjectFacade.getMavenProject(org.eclipse.core.runtime.IProgressMonitor)" because "prjFecade" is null
18:17:35.749 [Worker-336: Launching TestNGTutorial_testng.xml] INFO  c.b.BrowserStackPluginActivator - The previous launch removed.
18:17:35.755 [Worker-336: Launching TestNGTutorial_testng.xml] ERROR c.b.BrowserStackPluginActivator - Error in setJavaAgentVMArgs - java.lang.NullPointerException: Cannot invoke "org.eclipse.m2e.core.project.IMavenProjectFacade.getMavenProject(org.eclipse.core.runtime.IProgressMonitor)" because "prjFecade" is null
18:24:31.959 [Worker-338: Launching TestNGTutorial_testng.xml] INFO  c.b.BrowserStackPluginActivator - The previous launch removed.
18:24:31.992 [Worker-338: Launching TestNGTutorial_testng.xml] ERROR c.b.BrowserStackPluginActivator - Error in setJavaAgentVMArgs - java.lang.NullPointerException: Cannot invoke "org.eclipse.m2e.core.project.IMavenProjectFacade.getMavenProject(org.eclipse.core.runtime.IProgressMonitor)" because "prjFecade" is null
18:26:56.106 [Worker-344: Launching TestNGTutorial_testng.xml] INFO  c.b.BrowserStackPluginActivator - The previous launch removed.
18:26:56.118 [Worker-344: Launching TestNGTutorial_testng.xml] ERROR c.b.BrowserStackPluginActivator - Error in setJavaAgentVMArgs - java.lang.NullPointerException: Cannot invoke "org.eclipse.m2e.core.project.IMavenProjectFacade.getMavenProject(org.eclipse.core.runtime.IProgressMonitor)" because "prjFecade" is null
18:29:30.664 [Worker-345: Launching TestNGTutorial_testng.xml] INFO  c.b.BrowserStackPluginActivator - The previous launch removed.
18:29:30.670 [Worker-345: Launching TestNGTutorial_testng.xml] ERROR c.b.BrowserStackPluginActivator - Error in setJavaAgentVMArgs - java.lang.NullPointerException: Cannot invoke "org.eclipse.m2e.core.project.IMavenProjectFacade.getMavenProject(org.eclipse.core.runtime.IProgressMonitor)" because "prjFecade" is null
18:51:40.191 [main] INFO  c.b.a.BrowserStackPropertyTester - Testing : isBrowserStackEnabled
18:51:40.194 [main] INFO  c.b.BrowserStackPluginActivator - Prefs Keys []
18:51:40.195 [main] INFO  c.b.a.BrowserStackPropertyTester - Validation Result isBrowserStackEnabled : true P/TestNGTutorial
18:51:40.195 [main] INFO  c.b.a.BrowserStackPropertyTester - Testing : isBrowserStackDisabled
18:51:40.195 [main] INFO  c.b.BrowserStackPluginActivator - Prefs Keys []
18:51:40.195 [main] INFO  c.b.a.BrowserStackPropertyTester - Validation Result isBrowserStackDisabled : false P/TestNGTutorial
18:53:58.877 [Worker-348: Launching TestNGTutorial_testng_package.xml] INFO  c.b.BrowserStackPluginActivator - The previous launch removed.
18:53:58.888 [Worker-348: Launching TestNGTutorial_testng_package.xml] ERROR c.b.BrowserStackPluginActivator - Error in setJavaAgentVMArgs - java.lang.NullPointerException: Cannot invoke "org.eclipse.m2e.core.project.IMavenProjectFacade.getMavenProject(org.eclipse.core.runtime.IProgressMonitor)" because "prjFecade" is null
19:08:31.834 [Worker-352: Launching TestNGTutorial_testng.xml] INFO  c.b.BrowserStackPluginActivator - The previous launch removed.
19:08:31.854 [Worker-352: Launching TestNGTutorial_testng.xml] ERROR c.b.BrowserStackPluginActivator - Error in setJavaAgentVMArgs - java.lang.NullPointerException: Cannot invoke "org.eclipse.m2e.core.project.IMavenProjectFacade.getMavenProject(org.eclipse.core.runtime.IProgressMonitor)" because "prjFecade" is null
19:16:14.687 [Worker-353: Launching TestNGTutorial_testng.xml] INFO  c.b.BrowserStackPluginActivator - The previous launch removed.
19:16:14.693 [Worker-353: Launching TestNGTutorial_testng.xml] ERROR c.b.BrowserStackPluginActivator - Error in setJavaAgentVMArgs - java.lang.NullPointerException: Cannot invoke "org.eclipse.m2e.core.project.IMavenProjectFacade.getMavenProject(org.eclipse.core.runtime.IProgressMonitor)" because "prjFecade" is null
19:22:46.777 [Worker-361: Launching TestNGTutorial_testng.xml] INFO  c.b.BrowserStackPluginActivator - The previous launch removed.
19:22:46.796 [Worker-361: Launching TestNGTutorial_testng.xml] ERROR c.b.BrowserStackPluginActivator - Error in setJavaAgentVMArgs - java.lang.NullPointerException: Cannot invoke "org.eclipse.m2e.core.project.IMavenProjectFacade.getMavenProject(org.eclipse.core.runtime.IProgressMonitor)" because "prjFecade" is null
19:31:49.912 [Worker-364: Launching TestNGTutorial_testng.xml] INFO  c.b.BrowserStackPluginActivator - The previous launch removed.
19:31:49.915 [Worker-364: Launching TestNGTutorial_testng.xml] ERROR c.b.BrowserStackPluginActivator - Error in setJavaAgentVMArgs - java.lang.NullPointerException: Cannot invoke "org.eclipse.m2e.core.project.IMavenProjectFacade.getMavenProject(org.eclipse.core.runtime.IProgressMonitor)" because "prjFecade" is null
19:32:25.451 [Worker-364: Launching TestNGTutorial_testng.xml] INFO  c.b.BrowserStackPluginActivator - The previous launch removed.
19:32:25.454 [Worker-364: Launching TestNGTutorial_testng.xml] ERROR c.b.BrowserStackPluginActivator - Error in setJavaAgentVMArgs - java.lang.NullPointerException: Cannot invoke "org.eclipse.m2e.core.project.IMavenProjectFacade.getMavenProject(org.eclipse.core.runtime.IProgressMonitor)" because "prjFecade" is null
19:39:39.390 [main] INFO  c.b.a.BrowserStackPropertyTester - Testing : isBrowserStackEnabled
19:39:39.392 [main] INFO  c.b.BrowserStackPluginActivator - Prefs Keys []
19:39:39.393 [main] INFO  c.b.a.BrowserStackPropertyTester - Validation Result isBrowserStackEnabled : true P/TestNGTutorial
19:39:39.393 [main] INFO  c.b.a.BrowserStackPropertyTester - Testing : isBrowserStackDisabled
19:39:39.393 [main] INFO  c.b.BrowserStackPluginActivator - Prefs Keys []
19:39:39.393 [main] INFO  c.b.a.BrowserStackPropertyTester - Validation Result isBrowserStackDisabled : false P/TestNGTutorial
19:42:51.259 [Worker-370: Launching TestNGTutorial_testng_groups.xml] INFO  c.b.BrowserStackPluginActivator - The previous launch removed.
19:42:51.293 [Worker-370: Launching TestNGTutorial_testng_groups.xml] ERROR c.b.BrowserStackPluginActivator - Error in setJavaAgentVMArgs - java.lang.NullPointerException: Cannot invoke "org.eclipse.m2e.core.project.IMavenProjectFacade.getMavenProject(org.eclipse.core.runtime.IProgressMonitor)" because "prjFecade" is null
19:43:14.504 [Worker-370: Launching TestNGTutorial_testng_groups.xml] INFO  c.b.BrowserStackPluginActivator - The previous launch removed.
19:43:14.510 [Worker-370: Launching TestNGTutorial_testng_groups.xml] ERROR c.b.BrowserStackPluginActivator - Error in setJavaAgentVMArgs - java.lang.NullPointerException: Cannot invoke "org.eclipse.m2e.core.project.IMavenProjectFacade.getMavenProject(org.eclipse.core.runtime.IProgressMonitor)" because "prjFecade" is null
19:45:03.190 [Worker-365: Launching TestNGTutorial_testng_groups.xml] INFO  c.b.BrowserStackPluginActivator - The previous launch removed.
19:45:03.196 [Worker-365: Launching TestNGTutorial_testng_groups.xml] ERROR c.b.BrowserStackPluginActivator - Error in setJavaAgentVMArgs - java.lang.NullPointerException: Cannot invoke "org.eclipse.m2e.core.project.IMavenProjectFacade.getMavenProject(org.eclipse.core.runtime.IProgressMonitor)" because "prjFecade" is null
20:00:05.715 [main] INFO  c.b.a.BrowserStackPropertyTester - Testing : isBrowserStackEnabled
20:00:05.718 [main] INFO  c.b.BrowserStackPluginActivator - Prefs Keys []
20:00:05.718 [main] INFO  c.b.a.BrowserStackPropertyTester - Validation Result isBrowserStackEnabled : true P/TestNGTutorial
20:00:05.718 [main] INFO  c.b.a.BrowserStackPropertyTester - Testing : isBrowserStackDisabled
20:00:05.718 [main] INFO  c.b.BrowserStackPluginActivator - Prefs Keys []
20:00:05.719 [main] INFO  c.b.a.BrowserStackPropertyTester - Validation Result isBrowserStackDisabled : false P/TestNGTutorial
20:00:11.064 [Worker-375: Launching day3] INFO  c.b.BrowserStackPluginActivator - The previous launch removed.
20:00:11.067 [Worker-375: Launching day3] ERROR c.b.BrowserStackPluginActivator - Error in setJavaAgentVMArgs - java.lang.NullPointerException: Cannot invoke "org.eclipse.m2e.core.project.IMavenProjectFacade.getMavenProject(org.eclipse.core.runtime.IProgressMonitor)" because "prjFecade" is null
20:06:04.929 [main] INFO  c.b.a.BrowserStackPropertyTester - Testing : isBrowserStackEnabled
20:06:04.930 [main] INFO  c.b.BrowserStackPluginActivator - Prefs Keys []
20:06:04.930 [main] INFO  c.b.a.BrowserStackPropertyTester - Validation Result isBrowserStackEnabled : true P/TestNGTutorial
20:06:04.931 [main] INFO  c.b.a.BrowserStackPropertyTester - Testing : isBrowserStackDisabled
20:06:04.931 [main] INFO  c.b.BrowserStackPluginActivator - Prefs Keys []
20:06:04.931 [main] INFO  c.b.a.BrowserStackPropertyTester - Validation Result isBrowserStackDisabled : false P/TestNGTutorial
20:06:08.296 [Worker-371: Launching day3] INFO  c.b.BrowserStackPluginActivator - The previous launch removed.
20:06:08.299 [Worker-371: Launching day3] ERROR c.b.BrowserStackPluginActivator - Error in setJavaAgentVMArgs - java.lang.NullPointerException: Cannot invoke "org.eclipse.m2e.core.project.IMavenProjectFacade.getMavenProject(org.eclipse.core.runtime.IProgressMonitor)" because "prjFecade" is null
21:32:10.314 [main] INFO  c.b.a.BrowserStackPropertyTester - Testing : isBrowserStackEnabled
21:32:10.320 [main] INFO  c.b.BrowserStackPluginActivator - Prefs Keys []
21:32:10.324 [main] INFO  c.b.a.BrowserStackPropertyTester - Validation Result isBrowserStackEnabled : true P/TestNGTutorial
21:32:10.324 [main] INFO  c.b.a.BrowserStackPropertyTester - Testing : isBrowserStackDisabled
21:32:10.324 [main] INFO  c.b.BrowserStackPluginActivator - Prefs Keys []
21:32:10.324 [main] INFO  c.b.a.BrowserStackPropertyTester - Validation Result isBrowserStackDisabled : false P/TestNGTutorial
21:32:14.041 [Worker-388: Launching day3] INFO  c.b.BrowserStackPluginActivator - The previous launch removed.
21:32:14.063 [Worker-388: Launching day3] ERROR c.b.BrowserStackPluginActivator - Error in setJavaAgentVMArgs - java.lang.NullPointerException: Cannot invoke "org.eclipse.m2e.core.project.IMavenProjectFacade.getMavenProject(org.eclipse.core.runtime.IProgressMonitor)" because "prjFecade" is null
21:33:11.984 [main] INFO  c.b.a.BrowserStackPropertyTester - Testing : isBrowserStackEnabled
21:33:11.985 [main] INFO  c.b.BrowserStackPluginActivator - Prefs Keys []
21:33:11.985 [main] INFO  c.b.a.BrowserStackPropertyTester - Validation Result isBrowserStackEnabled : true P/TestNGTutorial
21:33:11.985 [main] INFO  c.b.a.BrowserStackPropertyTester - Testing : isBrowserStackDisabled
21:33:11.985 [main] INFO  c.b.BrowserStackPluginActivator - Prefs Keys []
21:33:11.986 [main] INFO  c.b.a.BrowserStackPropertyTester - Validation Result isBrowserStackDisabled : false P/TestNGTutorial
21:33:15.652 [Worker-386: Launching day3] INFO  c.b.BrowserStackPluginActivator - The previous launch removed.
21:33:15.655 [Worker-386: Launching day3] ERROR c.b.BrowserStackPluginActivator - Error in setJavaAgentVMArgs - java.lang.NullPointerException: Cannot invoke "org.eclipse.m2e.core.project.IMavenProjectFacade.getMavenProject(org.eclipse.core.runtime.IProgressMonitor)" because "prjFecade" is null
21:33:41.406 [main] INFO  c.b.a.BrowserStackPropertyTester - Testing : isBrowserStackEnabled
21:33:41.407 [main] INFO  c.b.BrowserStackPluginActivator - Prefs Keys []
21:33:41.407 [main] INFO  c.b.a.BrowserStackPropertyTester - Validation Result isBrowserStackEnabled : true P/TestNGTutorial
21:33:41.407 [main] INFO  c.b.a.BrowserStackPropertyTester - Testing : isBrowserStackDisabled
21:33:41.407 [main] INFO  c.b.BrowserStackPluginActivator - Prefs Keys []
21:33:41.407 [main] INFO  c.b.a.BrowserStackPropertyTester - Validation Result isBrowserStackDisabled : false P/TestNGTutorial
21:33:44.444 [Worker-382: Launching day3] INFO  c.b.BrowserStackPluginActivator - The previous launch removed.
21:33:44.444 [Worker-382: Launching day3] ERROR c.b.BrowserStackPluginActivator - Error in setJavaAgentVMArgs - java.lang.NullPointerException: Cannot invoke "org.eclipse.m2e.core.project.IMavenProjectFacade.getMavenProject(org.eclipse.core.runtime.IProgressMonitor)" because "prjFecade" is null
21:46:02.900 [main] INFO  c.b.a.BrowserStackPropertyTester - Testing : isBrowserStackEnabled
21:46:02.901 [main] INFO  c.b.BrowserStackPluginActivator - Prefs Keys []
21:46:02.901 [main] INFO  c.b.a.BrowserStackPropertyTester - Validation Result isBrowserStackEnabled : true P/TestNGTutorial
21:46:02.901 [main] INFO  c.b.a.BrowserStackPropertyTester - Testing : isBrowserStackDisabled
21:46:02.901 [main] INFO  c.b.BrowserStackPluginActivator - Prefs Keys []
21:46:02.902 [main] INFO  c.b.a.BrowserStackPropertyTester - Validation Result isBrowserStackDisabled : false P/TestNGTutorial
21:46:16.373 [main] INFO  c.b.a.BrowserStackPropertyTester - Testing : isBrowserStackEnabled
21:46:16.373 [main] INFO  c.b.BrowserStackPluginActivator - Prefs Keys []
21:46:16.374 [main] INFO  c.b.a.BrowserStackPropertyTester - Validation Result isBrowserStackEnabled : true P/TestNGTutorial
21:46:16.374 [main] INFO  c.b.a.BrowserStackPropertyTester - Testing : isBrowserStackDisabled
21:46:16.374 [main] INFO  c.b.BrowserStackPluginActivator - Prefs Keys []
21:46:16.374 [main] INFO  c.b.a.BrowserStackPropertyTester - Validation Result isBrowserStackDisabled : false P/TestNGTutorial
21:46:19.599 [Worker-393: Launching day3] INFO  c.b.BrowserStackPluginActivator - The previous launch removed.
21:46:19.601 [Worker-393: Launching day3] ERROR c.b.BrowserStackPluginActivator - Error in setJavaAgentVMArgs - java.lang.NullPointerException: Cannot invoke "org.eclipse.m2e.core.project.IMavenProjectFacade.getMavenProject(org.eclipse.core.runtime.IProgressMonitor)" because "prjFecade" is null
21:47:25.834 [main] INFO  c.b.a.BrowserStackPropertyTester - Testing : isBrowserStackEnabled
21:47:25.835 [main] INFO  c.b.BrowserStackPluginActivator - Prefs Keys []
21:47:25.835 [main] INFO  c.b.a.BrowserStackPropertyTester - Validation Result isBrowserStackEnabled : true P/TestNGTutorial
21:47:25.835 [main] INFO  c.b.a.BrowserStackPropertyTester - Testing : isBrowserStackDisabled
21:47:25.835 [main] INFO  c.b.BrowserStackPluginActivator - Prefs Keys []
21:47:25.835 [main] INFO  c.b.a.BrowserStackPropertyTester - Validation Result isBrowserStackDisabled : false P/TestNGTutorial
21:47:29.795 [Worker-385: Launching day3] INFO  c.b.BrowserStackPluginActivator - The previous launch removed.
21:47:29.797 [Worker-385: Launching day3] ERROR c.b.BrowserStackPluginActivator - Error in setJavaAgentVMArgs - java.lang.NullPointerException: Cannot invoke "org.eclipse.m2e.core.project.IMavenProjectFacade.getMavenProject(org.eclipse.core.runtime.IProgressMonitor)" because "prjFecade" is null
21:50:08.957 [main] INFO  c.b.a.BrowserStackPropertyTester - Testing : isBrowserStackEnabled
21:50:08.964 [main] INFO  c.b.BrowserStackPluginActivator - Prefs Keys []
21:50:08.969 [main] INFO  c.b.a.BrowserStackPropertyTester - Validation Result isBrowserStackEnabled : true P/TestNGTutorial
21:50:08.969 [main] INFO  c.b.a.BrowserStackPropertyTester - Testing : isBrowserStackDisabled
21:50:08.969 [main] INFO  c.b.BrowserStackPluginActivator - Prefs Keys []
21:50:08.969 [main] INFO  c.b.a.BrowserStackPropertyTester - Validation Result isBrowserStackDisabled : false P/TestNGTutorial
21:50:12.779 [Worker-387: Launching day3] INFO  c.b.BrowserStackPluginActivator - The previous launch removed.
21:50:12.789 [Worker-387: Launching day3] ERROR c.b.BrowserStackPluginActivator - Error in setJavaAgentVMArgs - java.lang.NullPointerException: Cannot invoke "org.eclipse.m2e.core.project.IMavenProjectFacade.getMavenProject(org.eclipse.core.runtime.IProgressMonitor)" because "prjFecade" is null
22:06:16.797 [Worker-403: Launching TestNGTutorial_testng.xml] INFO  c.b.BrowserStackPluginActivator - The previous launch removed.
22:06:16.803 [Worker-403: Launching TestNGTutorial_testng.xml] ERROR c.b.BrowserStackPluginActivator - Error in setJavaAgentVMArgs - java.lang.NullPointerException: Cannot invoke "org.eclipse.m2e.core.project.IMavenProjectFacade.getMavenProject(org.eclipse.core.runtime.IProgressMonitor)" because "prjFecade" is null
22:07:54.301 [main] INFO  c.b.a.BrowserStackPropertyTester - Testing : isBrowserStackEnabled
22:07:54.303 [main] INFO  c.b.BrowserStackPluginActivator - Prefs Keys []
22:07:54.304 [main] INFO  c.b.a.BrowserStackPropertyTester - Validation Result isBrowserStackEnabled : true P/TestNGTutorial
22:07:54.304 [main] INFO  c.b.a.BrowserStackPropertyTester - Testing : isBrowserStackDisabled
22:07:54.304 [main] INFO  c.b.BrowserStackPluginActivator - Prefs Keys []
22:07:54.304 [main] INFO  c.b.a.BrowserStackPropertyTester - Validation Result isBrowserStackDisabled : false P/TestNGTutorial
22:10:04.348 [Worker-405: Launching TestNGTutorial_testng_paramerterization.xml] INFO  c.b.BrowserStackPluginActivator - The previous launch removed.
22:10:04.354 [Worker-405: Launching TestNGTutorial_testng_paramerterization.xml] ERROR c.b.BrowserStackPluginActivator - Error in setJavaAgentVMArgs - java.lang.NullPointerException: Cannot invoke "org.eclipse.m2e.core.project.IMavenProjectFacade.getMavenProject(org.eclipse.core.runtime.IProgressMonitor)" because "prjFecade" is null
22:12:04.695 [Worker-408: Launching TestNGTutorial_testng_paramerterization.xml] INFO  c.b.BrowserStackPluginActivator - The previous launch removed.
22:12:04.726 [Worker-408: Launching TestNGTutorial_testng_paramerterization.xml] ERROR c.b.BrowserStackPluginActivator - Error in setJavaAgentVMArgs - java.lang.NullPointerException: Cannot invoke "org.eclipse.m2e.core.project.IMavenProjectFacade.getMavenProject(org.eclipse.core.runtime.IProgressMonitor)" because "prjFecade" is null
22:18:10.923 [Worker-407: Launching TestNGTutorial_testng_paramerterization.xml] INFO  c.b.BrowserStackPluginActivator - The previous launch removed.
22:18:10.931 [Worker-407: Launching TestNGTutorial_testng_paramerterization.xml] ERROR c.b.BrowserStackPluginActivator - Error in setJavaAgentVMArgs - java.lang.NullPointerException: Cannot invoke "org.eclipse.m2e.core.project.IMavenProjectFacade.getMavenProject(org.eclipse.core.runtime.IProgressMonitor)" because "prjFecade" is null
22:22:05.443 [Worker-407: Launching TestNGTutorial_testng_paramerterization.xml] INFO  c.b.BrowserStackPluginActivator - The previous launch removed.
22:22:05.447 [Worker-407: Launching TestNGTutorial_testng_paramerterization.xml] ERROR c.b.BrowserStackPluginActivator - Error in setJavaAgentVMArgs - java.lang.NullPointerException: Cannot invoke "org.eclipse.m2e.core.project.IMavenProjectFacade.getMavenProject(org.eclipse.core.runtime.IProgressMonitor)" because "prjFecade" is null
22:24:03.429 [Worker-412: Launching TestNGTutorial_testng_paramerterization.xml] INFO  c.b.BrowserStackPluginActivator - The previous launch removed.
22:24:03.433 [Worker-412: Launching TestNGTutorial_testng_paramerterization.xml] ERROR c.b.BrowserStackPluginActivator - Error in setJavaAgentVMArgs - java.lang.NullPointerException: Cannot invoke "org.eclipse.m2e.core.project.IMavenProjectFacade.getMavenProject(org.eclipse.core.runtime.IProgressMonitor)" because "prjFecade" is null
22:24:54.541 [Worker-414: Launching TestNGTutorial_testng_paramerterization.xml] INFO  c.b.BrowserStackPluginActivator - The previous launch removed.
22:24:54.576 [Worker-414: Launching TestNGTutorial_testng_paramerterization.xml] ERROR c.b.BrowserStackPluginActivator - Error in setJavaAgentVMArgs - java.lang.NullPointerException: Cannot invoke "org.eclipse.m2e.core.project.IMavenProjectFacade.getMavenProject(org.eclipse.core.runtime.IProgressMonitor)" because "prjFecade" is null
22:45:10.948 [Worker-407: Launching TestNGTutorial_testng_paramerterization.xml] INFO  c.b.BrowserStackPluginActivator - The previous launch removed.
22:45:10.955 [Worker-407: Launching TestNGTutorial_testng_paramerterization.xml] ERROR c.b.BrowserStackPluginActivator - Error in setJavaAgentVMArgs - java.lang.NullPointerException: Cannot invoke "org.eclipse.m2e.core.project.IMavenProjectFacade.getMavenProject(org.eclipse.core.runtime.IProgressMonitor)" because "prjFecade" is null
22:47:22.923 [Worker-419: Launching TestNGTutorial_testng_paramerterization.xml] INFO  c.b.BrowserStackPluginActivator - The previous launch removed.
22:47:22.928 [Worker-419: Launching TestNGTutorial_testng_paramerterization.xml] ERROR c.b.BrowserStackPluginActivator - Error in setJavaAgentVMArgs - java.lang.NullPointerException: Cannot invoke "org.eclipse.m2e.core.project.IMavenProjectFacade.getMavenProject(org.eclipse.core.runtime.IProgressMonitor)" because "prjFecade" is null
22:47:39.844 [Worker-422: Launching TestNGTutorial_testng_paramerterization.xml] INFO  c.b.BrowserStackPluginActivator - The previous launch removed.
22:47:39.845 [Worker-422: Launching TestNGTutorial_testng_paramerterization.xml] ERROR c.b.BrowserStackPluginActivator - Error in setJavaAgentVMArgs - java.lang.NullPointerException: Cannot invoke "org.eclipse.m2e.core.project.IMavenProjectFacade.getMavenProject(org.eclipse.core.runtime.IProgressMonitor)" because "prjFecade" is null
22:57:31.869 [Worker-426: Launching TestNGTutorial_testng_paramerterization.xml] INFO  c.b.BrowserStackPluginActivator - The previous launch removed.
22:57:31.901 [Worker-426: Launching TestNGTutorial_testng_paramerterization.xml] ERROR c.b.BrowserStackPluginActivator - Error in setJavaAgentVMArgs - java.lang.NullPointerException: Cannot invoke "org.eclipse.m2e.core.project.IMavenProjectFacade.getMavenProject(org.eclipse.core.runtime.IProgressMonitor)" because "prjFecade" is null
22:58:11.343 [main] INFO  c.b.a.BrowserStackPropertyTester - Testing : isBrowserStackEnabled
22:58:11.345 [main] INFO  c.b.BrowserStackPluginActivator - Prefs Keys []
22:58:11.346 [main] INFO  c.b.a.BrowserStackPropertyTester - Validation Result isBrowserStackEnabled : true P/TestNGTutorial
22:58:11.346 [main] INFO  c.b.a.BrowserStackPropertyTester - Testing : isBrowserStackDisabled
22:58:11.346 [main] INFO  c.b.BrowserStackPluginActivator - Prefs Keys []
22:58:11.346 [main] INFO  c.b.a.BrowserStackPropertyTester - Validation Result isBrowserStackDisabled : false P/TestNGTutorial
22:58:18.261 [Worker-428: Launching day4] INFO  c.b.BrowserStackPluginActivator - The previous launch removed.
22:58:18.267 [Worker-428: Launching day4] ERROR c.b.BrowserStackPluginActivator - Error in setJavaAgentVMArgs - java.lang.NullPointerException: Cannot invoke "org.eclipse.m2e.core.project.IMavenProjectFacade.getMavenProject(org.eclipse.core.runtime.IProgressMonitor)" because "prjFecade" is null
22:58:39.426 [Worker-425: Launching TestNGTutorial_testng_paramerterization.xml] INFO  c.b.BrowserStackPluginActivator - The previous launch removed.
22:58:39.431 [Worker-425: Launching TestNGTutorial_testng_paramerterization.xml] ERROR c.b.BrowserStackPluginActivator - Error in setJavaAgentVMArgs - java.lang.NullPointerException: Cannot invoke "org.eclipse.m2e.core.project.IMavenProjectFacade.getMavenProject(org.eclipse.core.runtime.IProgressMonitor)" because "prjFecade" is null
22:59:51.505 [Worker-429: Launching TestNGTutorial_testng_paramerterization.xml] INFO  c.b.BrowserStackPluginActivator - The previous launch removed.
22:59:51.510 [Worker-429: Launching TestNGTutorial_testng_paramerterization.xml] ERROR c.b.BrowserStackPluginActivator - Error in setJavaAgentVMArgs - java.lang.NullPointerException: Cannot invoke "org.eclipse.m2e.core.project.IMavenProjectFacade.getMavenProject(org.eclipse.core.runtime.IProgressMonitor)" because "prjFecade" is null
23:41:00.806 [main] INFO  c.b.a.BrowserStackPropertyTester - Testing : isBrowserStackEnabled
23:41:00.807 [main] INFO  c.b.BrowserStackPluginActivator - Prefs Keys []
23:41:00.808 [main] INFO  c.b.a.BrowserStackPropertyTester - Validation Result isBrowserStackEnabled : true P/TestNGTutorial
23:41:00.808 [main] INFO  c.b.a.BrowserStackPropertyTester - Testing : isBrowserStackDisabled
23:41:00.808 [main] INFO  c.b.BrowserStackPluginActivator - Prefs Keys []
23:41:00.808 [main] INFO  c.b.a.BrowserStackPropertyTester - Validation Result isBrowserStackDisabled : false P/TestNGTutorial
23:44:05.484 [main] INFO  c.b.a.BrowserStackPropertyTester - Testing : isBrowserStackEnabled
23:44:05.486 [main] INFO  c.b.BrowserStackPluginActivator - Prefs Keys []
23:44:05.486 [main] INFO  c.b.a.BrowserStackPropertyTester - Validation Result isBrowserStackEnabled : true P/TestNGTutorial
23:44:05.486 [main] INFO  c.b.a.BrowserStackPropertyTester - Testing : isBrowserStackDisabled
23:44:05.486 [main] INFO  c.b.BrowserStackPluginActivator - Prefs Keys []
23:44:05.487 [main] INFO  c.b.a.BrowserStackPropertyTester - Validation Result isBrowserStackDisabled : false P/TestNGTutorial
23:51:11.989 [Worker-436: Launching TestNGTutorial_testng.xml] INFO  c.b.BrowserStackPluginActivator - The previous launch removed.
23:51:12.030 [Worker-436: Launching TestNGTutorial_testng.xml] ERROR c.b.BrowserStackPluginActivator - Error in setJavaAgentVMArgs - java.lang.NullPointerException: Cannot invoke "org.eclipse.m2e.core.project.IMavenProjectFacade.getMavenProject(org.eclipse.core.runtime.IProgressMonitor)" because "prjFecade" is null
23:54:20.513 [Worker-435: Launching TestNGTutorial_testng_paramerterization.xml] INFO  c.b.BrowserStackPluginActivator - The previous launch removed.
23:54:20.521 [Worker-435: Launching TestNGTutorial_testng_paramerterization.xml] ERROR c.b.BrowserStackPluginActivator - Error in setJavaAgentVMArgs - java.lang.NullPointerException: Cannot invoke "org.eclipse.m2e.core.project.IMavenProjectFacade.getMavenProject(org.eclipse.core.runtime.IProgressMonitor)" because "prjFecade" is null
23:55:44.209 [Worker-440: Launching TestNGTutorial_testng_paramerterization.xml] INFO  c.b.BrowserStackPluginActivator - The previous launch removed.
23:55:44.212 [Worker-440: Launching TestNGTutorial_testng_paramerterization.xml] ERROR c.b.BrowserStackPluginActivator - Error in setJavaAgentVMArgs - java.lang.NullPointerException: Cannot invoke "org.eclipse.m2e.core.project.IMavenProjectFacade.getMavenProject(org.eclipse.core.runtime.IProgressMonitor)" because "prjFecade" is null
23:59:16.565 [Worker-439: Launching TestNGTutorial_testng_paramerterization.xml] INFO  c.b.BrowserStackPluginActivator - The previous launch removed.
23:59:16.597 [Worker-439: Launching TestNGTutorial_testng_paramerterization.xml] ERROR c.b.BrowserStackPluginActivator - Error in setJavaAgentVMArgs - java.lang.NullPointerException: Cannot invoke "org.eclipse.m2e.core.project.IMavenProjectFacade.getMavenProject(org.eclipse.core.runtime.IProgressMonitor)" because "prjFecade" is null
00:04:34.990 [Worker-445: Launching TestNGTutorial_testng_paramerterization.xml] INFO  c.b.BrowserStackPluginActivator - The previous launch removed.
00:04:34.997 [Worker-445: Launching TestNGTutorial_testng_paramerterization.xml] ERROR c.b.BrowserStackPluginActivator - Error in setJavaAgentVMArgs - java.lang.NullPointerException: Cannot invoke "org.eclipse.m2e.core.project.IMavenProjectFacade.getMavenProject(org.eclipse.core.runtime.IProgressMonitor)" because "prjFecade" is null
00:05:23.381 [Worker-445: Launching TestNGTutorial_testng_paramerterization.xml] INFO  c.b.BrowserStackPluginActivator - The previous launch removed.
00:05:23.382 [Worker-445: Launching TestNGTutorial_testng_paramerterization.xml] ERROR c.b.BrowserStackPluginActivator - Error in setJavaAgentVMArgs - java.lang.NullPointerException: Cannot invoke "org.eclipse.m2e.core.project.IMavenProjectFacade.getMavenProject(org.eclipse.core.runtime.IProgressMonitor)" because "prjFecade" is null
00:06:08.258 [main] INFO  c.b.a.BrowserStackPropertyTester - Testing : isBrowserStackEnabled
00:06:08.259 [main] INFO  c.b.BrowserStackPluginActivator - Prefs Keys []
00:06:08.260 [main] INFO  c.b.a.BrowserStackPropertyTester - Validation Result isBrowserStackEnabled : true P/TestNGTutorial
00:06:08.260 [main] INFO  c.b.a.BrowserStackPropertyTester - Testing : isBrowserStackDisabled
00:06:08.260 [main] INFO  c.b.BrowserStackPluginActivator - Prefs Keys []
00:06:08.260 [main] INFO  c.b.a.BrowserStackPropertyTester - Validation Result isBrowserStackDisabled : false P/TestNGTutorial
